# JRE version: 7.0_25-b15
# Java VM: Java HotSpot(TM) 64-Bit Server VM (23.25-b01 mixed mode linux-amd64 compressed oops)
Heap
 PSYoungGen      total 42880K, used 30287K [0x00000000f5a00000, 0x00000000f9770000, 0x0000000100000000)
  eden space 28480K, 57% used [0x00000000f5a00000,0x00000000f69ea1b0,0x00000000f75d0000)
  from space 14400K, 97% used [0x00000000f85c0000,0x00000000f9369ac8,0x00000000f93d0000)
  to   space 16320K, 0% used [0x00000000f75d0000,0x00000000f75d0000,0x00000000f85c0000)
 ParOldGen       total 38784K, used 28020K [0x00000000e0e00000, 0x00000000e33e0000, 0x00000000f5a00000)
  object space 38784K, 72% used [0x00000000e0e00000,0x00000000e295d3b0,0x00000000e33e0000)
 PSPermGen       total 51392K, used 51281K [0x00000000dbc00000, 0x00000000dee30000, 0x00000000e0e00000)
  object space 51392K, 99% used [0x00000000dbc00000,0x00000000dee147c0,0x00000000dee30000)
GC Heap History (10 events):
Event: 12.083 GC heap before
{Heap before GC invocations=9 (full 1):
 PSYoungGen      total 21376K, used 15168K [0x00000000f5a00000, 0x00000000f89c0000, 0x0000000100000000)
  eden space 15168K, 100% used [0x00000000f5a00000,0x00000000f68d0000,0x00000000f68d0000)
  from space 6208K, 0% used [0x00000000f68d0000,0x00000000f68d0000,0x00000000f6ee0000)
  to   space 9280K, 0% used [0x00000000f80b0000,0x00000000f80b0000,0x00000000f89c0000)
 ParOldGen       total 38784K, used 20993K [0x00000000e0e00000, 0x00000000e33e0000, 0x00000000f5a00000)
  object space 38784K, 54% used [0x00000000e0e00000,0x00000000e22806c0,0x00000000e33e0000)
 PSPermGen       total 42560K, used 26272K [0x00000000dbc00000, 0x00000000de590000, 0x00000000e0e00000)
  object space 42560K, 61% used [0x00000000dbc00000,0x00000000dd5a8130,0x00000000de590000)
Event: 12.126 GC heap after
Heap after GC invocations=9 (full 1):
 PSYoungGen      total 28224K, used 6373K [0x00000000f5a00000, 0x00000000f86f0000, 0x0000000100000000)
  eden space 21824K, 0% used [0x00000000f5a00000,0x00000000f5a00000,0x00000000f6f50000)
  from space 6400K, 99% used [0x00000000f80b0000,0x00000000f86e9420,0x00000000f86f0000)
  to   space 9408K, 0% used [0x00000000f7490000,0x00000000f7490000,0x00000000f7dc0000)
 ParOldGen       total 38784K, used 20993K [0x00000000e0e00000, 0x00000000e33e0000, 0x00000000f5a00000)
  object space 38784K, 54% used [0x00000000e0e00000,0x00000000e22806c0,0x00000000e33e0000)
 PSPermGen       total 42560K, used 26272K [0x00000000dbc00000, 0x00000000de590000, 0x00000000e0e00000)
  object space 42560K, 61% used [0x00000000dbc00000,0x00000000dd5a8130,0x00000000de590000)
}
Event: 14.573 GC heap before
{Heap before GC invocations=10 (full 1):
 PSYoungGen      total 28224K, used 28197K [0x00000000f5a00000, 0x00000000f86f0000, 0x0000000100000000)
  eden space 21824K, 100% used [0x00000000f5a00000,0x00000000f6f50000,0x00000000f6f50000)
  from space 6400K, 99% used [0x00000000f80b0000,0x00000000f86e9420,0x00000000f86f0000)
  to   space 9408K, 0% used [0x00000000f7490000,0x00000000f7490000,0x00000000f7dc0000)
 ParOldGen       total 38784K, used 20993K [0x00000000e0e00000, 0x00000000e33e0000, 0x00000000f5a00000)
  object space 38784K, 54% used [0x00000000e0e00000,0x00000000e22806c0,0x00000000e33e0000)
 PSPermGen       total 42560K, used 33196K [0x00000000dbc00000, 0x00000000de590000, 0x00000000e0e00000)
  object space 42560K, 77% used [0x00000000dbc00000,0x00000000ddc6b1b8,0x00000000de590000)
Event: 14.595 GC heap after
Heap after GC invocations=10 (full 1):
 PSYoungGen      total 36608K, used 9406K [0x00000000f5a00000, 0x00000000f8a10000, 0x0000000100000000)
  eden space 27200K, 0% used [0x00000000f5a00000,0x00000000f5a00000,0x00000000f7490000)
  from space 9408K, 99% used [0x00000000f7490000,0x00000000f7dbf980,0x00000000f7dc0000)
  to   space 11008K, 0% used [0x00000000f7f50000,0x00000000f7f50000,0x00000000f8a10000)
 ParOldGen       total 38784K, used 21852K [0x00000000e0e00000, 0x00000000e33e0000, 0x00000000f5a00000)
  object space 38784K, 56% used [0x00000000e0e00000,0x00000000e23570e0,0x00000000e33e0000)
 PSPermGen       total 42560K, used 33196K [0x00000000dbc00000, 0x00000000de590000, 0x00000000e0e00000)
  object space 42560K, 77% used [0x00000000dbc00000,0x00000000ddc6b1b8,0x00000000de590000)
}
Event: 17.440 GC heap before
{Heap before GC invocations=11 (full 1):
 PSYoungGen      total 36608K, used 36606K [0x00000000f5a00000, 0x00000000f8a10000, 0x0000000100000000)
  eden space 27200K, 100% used [0x00000000f5a00000,0x00000000f7490000,0x00000000f7490000)
  from space 9408K, 99% used [0x00000000f7490000,0x00000000f7dbf980,0x00000000f7dc0000)
  to   space 11008K, 0% used [0x00000000f7f50000,0x00000000f7f50000,0x00000000f8a10000)
 ParOldGen       total 38784K, used 21852K [0x00000000e0e00000, 0x00000000e33e0000, 0x00000000f5a00000)
  object space 38784K, 56% used [0x00000000e0e00000,0x00000000e23570e0,0x00000000e33e0000)
 PSPermGen       total 42560K, used 42307K [0x00000000dbc00000, 0x00000000de590000, 0x00000000e0e00000)
  object space 42560K, 99% used [0x00000000dbc00000,0x00000000de550c08,0x00000000de590000)
Event: 17.473 GC heap after
Heap after GC invocations=11 (full 1):
 PSYoungGen      total 35456K, used 10999K [0x00000000f5a00000, 0x00000000f95d0000, 0x0000000100000000)
  eden space 24448K, 0% used [0x00000000f5a00000,0x00000000f5a00000,0x00000000f71e0000)
  from space 11008K, 99% used [0x00000000f7f50000,0x00000000f8a0dff0,0x00000000f8a10000)
  to   space 13760K, 0% used [0x00000000f71e0000,0x00000000f71e0000,0x00000000f7f50000)
 ParOldGen       total 38784K, used 25279K [0x00000000e0e00000, 0x00000000e33e0000, 0x00000000f5a00000)
  object space 38784K, 65% used [0x00000000e0e00000,0x00000000e26afd10,0x00000000e33e0000)
 PSPermGen       total 42560K, used 42307K [0x00000000dbc00000, 0x00000000de590000, 0x00000000e0e00000)
  object space 42560K, 99% used [0x00000000dbc00000,0x00000000de550c08,0x00000000de590000)
}
Event: 20.437 GC heap before
{Heap before GC invocations=12 (full 1):
 PSYoungGen      total 35456K, used 35447K [0x00000000f5a00000, 0x00000000f95d0000, 0x0000000100000000)
  eden space 24448K, 100% used [0x00000000f5a00000,0x00000000f71e0000,0x00000000f71e0000)
  from space 11008K, 99% used [0x00000000f7f50000,0x00000000f8a0dff0,0x00000000f8a10000)
  to   space 13760K, 0% used [0x00000000f71e0000,0x00000000f71e0000,0x00000000f7f50000)
 ParOldGen       total 38784K, used 25279K [0x00000000e0e00000, 0x00000000e33e0000, 0x00000000f5a00000)
  object space 38784K, 65% used [0x00000000e0e00000,0x00000000e26afd10,0x00000000e33e0000)
 PSPermGen       total 46208K, used 46061K [0x00000000dbc00000, 0x00000000de920000, 0x00000000e0e00000)
  object space 46208K, 99% used [0x00000000dbc00000,0x00000000de8fb698,0x00000000de920000)
Event: 20.479 GC heap after
Heap after GC invocations=12 (full 1):
 PSYoungGen      total 38208K, used 10316K [0x00000000f5a00000, 0x00000000f93d0000, 0x0000000100000000)
  eden space 24448K, 0% used [0x00000000f5a00000,0x00000000f5a00000,0x00000000f71e0000)
  from space 13760K, 74% used [0x00000000f71e0000,0x00000000f7bf32c0,0x00000000f7f50000)
  to   space 14400K, 0% used [0x00000000f85c0000,0x00000000f85c0000,0x00000000f93d0000)
 ParOldGen       total 38784K, used 28012K [0x00000000e0e00000, 0x00000000e33e0000, 0x00000000f5a00000)
  object space 38784K, 72% used [0x00000000e0e00000,0x00000000e295b3b0,0x00000000e33e0000)
 PSPermGen       total 46208K, used 46061K [0x00000000dbc00000, 0x00000000de920000, 0x00000000e0e00000)
  object space 46208K, 99% used [0x00000000dbc00000,0x00000000de8fb698,0x00000000de920000)
}
Event: 26.179 GC heap before
{Heap before GC invocations=13 (full 1):
 PSYoungGen      total 38208K, used 34764K [0x00000000f5a00000, 0x00000000f93d0000, 0x0000000100000000)
  eden space 24448K, 100% used [0x00000000f5a00000,0x00000000f71e0000,0x00000000f71e0000)
  from space 13760K, 74% used [0x00000000f71e0000,0x00000000f7bf32c0,0x00000000f7f50000)
  to   space 14400K, 0% used [0x00000000f85c0000,0x00000000f85c0000,0x00000000f93d0000)
 ParOldGen       total 38784K, used 28012K [0x00000000e0e00000, 0x00000000e33e0000, 0x00000000f5a00000)
  object space 38784K, 72% used [0x00000000e0e00000,0x00000000e295b3b0,0x00000000e33e0000)
 PSPermGen       total 49856K, used 49777K [0x00000000dbc00000, 0x00000000decb0000, 0x00000000e0e00000)
  object space 49856K, 99% used [0x00000000dbc00000,0x00000000dec9c468,0x00000000decb0000)
Event: 26.247 GC heap after
Heap after GC invocations=13 (full 1):
 PSYoungGen      total 42880K, used 13990K [0x00000000f5a00000, 0x00000000f9770000, 0x0000000100000000)
  eden space 28480K, 0% used [0x00000000f5a00000,0x00000000f5a00000,0x00000000f75d0000)
  from space 14400K, 97% used [0x00000000f85c0000,0x00000000f9369ac8,0x00000000f93d0000)
  to   space 16320K, 0% used [0x00000000f75d0000,0x00000000f75d0000,0x00000000f85c0000)
 ParOldGen       total 38784K, used 28020K [0x00000000e0e00000, 0x00000000e33e0000, 0x00000000f5a00000)
  object space 38784K, 72% used [0x00000000e0e00000,0x00000000e295d3b0,0x00000000e33e0000)
 PSPermGen       total 49856K, used 49777K [0x00000000dbc00000, 0x00000000decb0000, 0x00000000e0e00000)
  object space 49856K, 99% used [0x00000000dbc00000,0x00000000dec9c468,0x00000000decb0000)
}

